TN:
SF:packages/react/src/test-utils.ts
FN:3,expectNoAccessibilityViolations
FN:11,(anonymous_1)
FNF:2
FNH:1
FNDA:5,expectNoAccessibilityViolations
FNDA:0,(anonymous_1)
DA:4,5
DA:9,5
DA:10,0
DA:11,0
DA:13,0
LF:5
LH:2
BRDA:9,0,0,0
BRDA:9,0,1,5
BRF:2
BRH:1
end_of_record
TN:
SF:packages/react/src/assets/checkbox-check.svg
FNF:0
FNH:0
LF:0
LH:0
BRF:0
BRH:0
end_of_record
TN:
SF:packages/react/src/assets/checkbox-minus.svg
FNF:0
FNH:0
LF:0
LH:0
BRF:0
BRH:0
end_of_record
TN:
SF:packages/react/src/assets/checkmark.svg
FNF:0
FNH:0
LF:0
LH:0
BRF:0
BRH:0
end_of_record
TN:
SF:packages/react/src/assets/chevrons-up-down.svg
FNF:0
FNH:0
LF:0
LH:0
BRF:0
BRH:0
end_of_record
TN:
SF:packages/react/src/assets/loading-dot-dark.svg
FNF:0
FNH:0
LF:0
LH:0
BRF:0
BRH:0
end_of_record
TN:
SF:packages/react/src/assets/loading-dot.svg
FNF:0
FNH:0
LF:0
LH:0
BRF:0
BRH:0
end_of_record
TN:
SF:packages/react/src/assets/loading-ring-dark.svg
FNF:0
FNH:0
LF:0
LH:0
BRF:0
BRH:0
end_of_record
TN:
SF:packages/react/src/assets/loading-ring.svg
FNF:0
FNH:0
LF:0
LH:0
BRF:0
BRH:0
end_of_record
TN:
SF:packages/react/src/assets/role-organization-admin-small.svg
FNF:0
FNH:0
LF:0
LH:0
BRF:0
BRH:0
end_of_record
TN:
SF:packages/react/src/assets/role-organization-admin.svg
FNF:0
FNH:0
LF:0
LH:0
BRF:0
BRH:0
end_of_record
TN:
SF:packages/react/src/assets/role-super-admin-small.svg
FNF:0
FNH:0
LF:0
LH:0
BRF:0
BRH:0
end_of_record
TN:
SF:packages/react/src/assets/role-super-admin.svg
FNF:0
FNH:0
LF:0
LH:0
BRF:0
BRH:0
end_of_record
TN:
SF:packages/react/src/assets/role-system-admin-small.svg
FNF:0
FNH:0
LF:0
LH:0
BRF:0
BRH:0
end_of_record
TN:
SF:packages/react/src/assets/role-system-admin.svg
FNF:0
FNH:0
LF:0
LH:0
BRF:0
BRH:0
end_of_record
TN:
SF:packages/react/src/assets/role-user-small.svg
FNF:0
FNH:0
LF:0
LH:0
BRF:0
BRH:0
end_of_record
TN:
SF:packages/react/src/assets/role-user.svg
FNF:0
FNH:0
LF:0
LH:0
BRF:0
BRH:0
end_of_record
TN:
SF:packages/react/src/assets/search.svg
FNF:0
FNH:0
LF:0
LH:0
BRF:0
BRH:0
end_of_record
TN:
SF:packages/react/src/components/Accordion/Accordion.tsx
FN:17,Accordion
FN:35,(anonymous_1)
FNF:2
FNH:2
FNDA:3,Accordion
FNDA:1,(anonymous_1)
DA:17,1
DA:31,3
DA:32,3
DA:33,3
DA:34,3
DA:35,3
DA:36,1
DA:37,1
DA:38,1
DA:41,3
LF:10
LH:10
BRDA:21,0,0,3
BRDA:22,1,0,3
BRDA:23,2,0,3
BRDA:32,3,0,3
BRDA:32,3,1,3
BRDA:37,4,0,1
BRDA:37,4,1,0
BRDA:53,5,0,2
BRDA:53,5,1,1
BRF:9
BRH:8
end_of_record
TN:
SF:packages/react/src/components/Accordion/index.ts
FNF:0
FNH:0
LF:0
LH:0
BRF:0
BRH:0
end_of_record
TN:
SF:packages/react/src/components/Avatar/Avatar.tsx
FN:21,(anonymous_0)
FN:26,(anonymous_1)
FN:30,Avatar
FNF:3
FNH:3
FNDA:3,(anonymous_0)
FNDA:6,(anonymous_1)
FNDA:3,Avatar
DA:21,2
DA:22,3
DA:26,6
DA:30,2
DA:46,3
DA:47,3
DA:48,3
LF:7
LH:7
BRDA:34,0,0,3
BRDA:38,1,0,3
BRDA:39,2,0,3
BRDA:46,3,0,3
BRDA:46,3,1,3
BRDA:47,4,0,3
BRDA:47,4,1,3
BRDA:47,5,0,1
BRDA:47,5,1,2
BRDA:56,6,0,3
BRDA:56,6,1,0
BRDA:62,7,0,0
BRDA:62,7,1,3
BRDA:69,8,0,1
BRDA:69,8,1,2
BRDA:75,9,0,0
BRDA:75,9,1,3
BRF:17
BRH:14
end_of_record
TN:
SF:packages/react/src/components/Avatar/index.ts
FNF:0
FNH:0
LF:0
LH:0
BRF:0
BRH:0
end_of_record
TN:
SF:packages/react/src/components/Badge/Badge.tsx
FN:13,Badge
FNF:1
FNH:1
FNDA:1,Badge
DA:13,1
DA:17,1
LF:2
LH:2
BRDA:14,0,0,1
BRDA:14,1,0,1
BRDA:23,2,0,1
BRDA:23,2,1,1
BRF:4
BRH:4
end_of_record
TN:
SF:packages/react/src/components/Badge/index.ts
FNF:0
FNH:0
LF:0
LH:0
BRF:0
BRH:0
end_of_record
TN:
SF:packages/react/src/components/Breadcrumb/Breadcrumb.tsx
FN:20,Breadcrumb
FN:30,(anonymous_1)
FNF:2
FNH:2
FNDA:2,Breadcrumb
FNDA:4,(anonymous_1)
DA:20,1
DA:24,2
DA:25,2
DA:27,2
DA:31,4
DA:32,4
LF:6
LH:6
BRDA:21,0,0,2
BRDA:21,1,0,2
BRDA:21,2,0,2
BRDA:25,3,0,0
BRDA:25,3,1,2
BRDA:37,4,0,2
BRDA:37,4,1,2
BRDA:40,5,0,4
BRDA:40,5,1,0
BRDA:41,6,0,2
BRDA:41,6,1,2
BRDA:41,7,0,4
BRDA:41,7,1,2
BRDA:43,8,0,2
BRDA:43,8,1,0
BRDA:44,9,0,2
BRDA:44,9,1,2
BRDA:35,10,0,4
BRDA:35,10,1,0
BRF:19
BRH:15
end_of_record
TN:
SF:packages/react/src/components/Breadcrumb/index.ts
FNF:0
FNH:0
LF:0
LH:0
BRF:0
BRH:0
end_of_record
TN:
SF:packages/react/src/components/Button/Button.tsx
FN:10,Button
FNF:1
FNH:1
FNDA:6,Button
DA:10,2
DA:25,6
DA:26,6
DA:27,6
DA:29,6
LF:5
LH:5
BRDA:14,0,0,6
BRDA:16,1,0,6
BRDA:17,2,0,6
BRDA:19,3,0,6
BRDA:20,4,0,6
BRDA:25,5,0,6
BRDA:25,5,1,5
BRDA:26,6,0,0
BRDA:26,6,1,6
BRDA:27,7,0,0
BRDA:27,7,1,6
BRDA:32,8,0,6
BRDA:32,8,1,5
BRDA:39,9,0,6
BRDA:39,9,1,5
BRDA:44,10,0,1
BRDA:44,10,1,5
BRDA:55,11,0,0
BRDA:55,11,1,5
BRDA:61,12,0,0
BRDA:61,12,1,5
BRF:21
BRH:17
end_of_record
TN:
SF:packages/react/src/components/Button/index.ts
FNF:0
FNH:0
LF:0
LH:0
BRF:0
BRH:0
end_of_record
TN:
SF:packages/react/src/components/ButtonGroup/ButtonGroup.tsx
FN:13,ButtonGroup
FN:25,(anonymous_1)
FNF:2
FNH:2
FNDA:1,ButtonGroup
FNDA:2,(anonymous_1)
DA:13,1
DA:17,1
DA:26,2
DA:27,2
LF:4
LH:4
BRDA:14,0,0,1
BRDA:26,1,0,0
BRDA:26,1,1,2
BRF:3
BRH:2
end_of_record
TN:
SF:packages/react/src/components/ButtonGroup/index.ts
FNF:0
FNH:0
LF:0
LH:0
BRF:0
BRH:0
end_of_record
TN:
SF:packages/react/src/components/Calendar/Calendar.tsx
FN:31,(anonymous_0)
FN:39,(anonymous_1)
FN:40,(anonymous_2)
FN:42,(anonymous_3)
FN:47,Calendar
FN:68,(anonymous_5)
FN:71,(anonymous_6)
FN:79,(anonymous_7)
FN:80,(anonymous_8)
FN:83,(anonymous_9)
FN:85,(anonymous_10)
FN:92,(anonymous_11)
FN:97,(anonymous_12)
FN:107,(anonymous_13)
FN:114,(anonymous_14)
FN:119,(anonymous_15)
FN:135,(anonymous_16)
FN:151,(anonymous_17)
FN:159,(anonymous_18)
FN:164,(anonymous_19)
FN:169,(anonymous_20)
FN:171,(anonymous_21)
FN:193,(anonymous_22)
FN:194,(anonymous_23)
FN:195,(anonymous_24)
FN:210,(anonymous_25)
FN:211,(anonymous_26)
FNF:27
FNH:21
FNDA:1512,(anonymous_0)
FNDA:10,(anonymous_1)
FNDA:208,(anonymous_2)
FNDA:0,(anonymous_3)
FNDA:9,Calendar
FNDA:4,(anonymous_5)
FNDA:4,(anonymous_6)
FNDA:4,(anonymous_7)
FNDA:168,(anonymous_8)
FNDA:4,(anonymous_9)
FNDA:28,(anonymous_10)
FNDA:0,(anonymous_11)
FNDA:2,(anonymous_12)
FNDA:2,(anonymous_13)
FNDA:9,(anonymous_14)
FNDA:2,(anonymous_15)
FNDA:1,(anonymous_16)
FNDA:0,(anonymous_17)
FNDA:0,(anonymous_18)
FNDA:63,(anonymous_19)
FNDA:54,(anonymous_20)
FNDA:378,(anonymous_21)
FNDA:1,(anonymous_22)
FNDA:5,(anonymous_23)
FNDA:2,(anonymous_24)
FNDA:0,(anonymous_25)
FNDA:0,(anonymous_26)
DA:31,2
DA:32,1512
DA:39,10
DA:40,2
DA:41,208
DA:42,2
DA:43,0
DA:44,0
DA:47,2
DA:66,9
DA:67,9
DA:68,9
DA:69,4
DA:71,9
DA:72,9
DA:73,9
DA:74,9
DA:75,9
DA:76,9
DA:77,9
DA:78,9
DA:79,9
DA:80,168
DA:83,9
DA:85,4
DA:86,28
DA:92,9
DA:93,0
DA:94,0
DA:95,0
DA:97,9
DA:98,2
DA:102,2
DA:103,0
DA:104,0
DA:105,0
DA:107,9
DA:108,2
DA:109,2
DA:110,2
DA:111,2
DA:112,2
DA:114,9
DA:115,9
DA:116,2
DA:117,2
DA:119,9
DA:120,2
DA:121,2
DA:123,2
DA:124,2
DA:125,2
DA:126,2
DA:127,2
DA:128,2
DA:129,2
DA:130,2
DA:131,2
DA:132,2
DA:133,2
DA:135,9
DA:136,1
DA:137,1
DA:138,0
DA:139,0
DA:140,0
DA:143,9
DA:151,0
DA:159,0
DA:165,63
DA:170,54
DA:172,378
DA:173,378
DA:174,378
DA:175,378
DA:178,378
DA:179,378
DA:180,378
DA:193,1
DA:194,5
DA:195,2
DA:211,0
LF:82
LH:68
BRDA:33,0,0,1512
BRDA:33,0,1,1512
BRDA:33,0,2,378
BRDA:33,0,3,252
BRDA:33,0,4,184
BRDA:52,1,0,9
BRDA:54,2,0,9
BRDA:57,3,0,9
BRDA:59,4,0,9
BRDA:61,5,0,9
BRDA:66,6,0,0
BRDA:66,6,1,9
BRDA:69,7,0,4
BRDA:69,7,1,1
BRDA:69,7,2,1
BRDA:71,8,0,4
BRDA:71,8,1,4
BRDA:73,9,0,9
BRDA:73,9,1,2
BRDA:74,10,0,0
BRDA:74,10,1,9
BRDA:75,11,0,0
BRDA:75,11,1,9
BRDA:94,12,0,0
BRDA:94,12,1,0
BRDA:98,13,0,2
BRDA:98,13,1,0
BRDA:99,14,0,2
BRDA:99,14,1,2
BRDA:104,15,0,0
BRDA:104,15,1,0
BRDA:109,16,0,2
BRDA:109,16,1,3
BRDA:115,17,0,7
BRDA:115,17,1,2
BRDA:121,18,0,0
BRDA:121,18,1,2
BRDA:123,19,0,2
BRDA:123,19,1,0
BRDA:124,20,0,0
BRDA:124,20,1,2
BRDA:125,21,0,0
BRDA:125,21,1,2
BRDA:126,22,0,0
BRDA:126,22,1,2
BRDA:127,23,0,0
BRDA:127,23,1,2
BRDA:128,24,0,0
BRDA:128,24,1,2
BRDA:129,25,0,0
BRDA:129,25,1,2
BRDA:130,26,0,0
BRDA:130,26,1,2
BRDA:131,27,0,0
BRDA:131,27,1,2
BRDA:136,28,0,0
BRDA:136,28,1,1
BRDA:137,29,0,1
BRDA:137,29,1,0
BRDA:138,30,0,0
BRDA:138,30,1,0
BRDA:138,31,0,0
BRDA:138,31,1,0
BRDA:139,32,0,0
BRDA:139,32,1,0
BRDA:146,33,0,9
BRDA:146,33,1,0
BRDA:176,34,0,378
BRDA:176,34,1,0
BRDA:176,34,2,0
BRDA:176,34,3,0
BRDA:178,35,0,378
BRDA:178,35,1,378
BRDA:178,35,2,378
BRDA:183,36,0,378
BRDA:183,36,1,378
BRDA:186,37,0,378
BRDA:186,37,1,101
BRDA:187,38,0,378
BRDA:187,38,1,0
BRDA:188,39,0,378
BRDA:188,39,1,0
BRDA:197,40,0,6
BRDA:197,40,1,372
BRDA:208,41,0,0
BRDA:208,41,1,9
BRF:86
BRH:53
end_of_record
TN:
SF:packages/react/src/components/Calendar/index.ts
FNF:0
FNH:0
LF:0
LH:0
BRF:0
BRH:0
end_of_record
TN:
SF:packages/react/src/components/Checkbox/Checkbox.tsx
FN:13,Checkbox
FN:21,(anonymous_1)
FN:25,(anonymous_2)
FNF:3
FNH:3
FNDA:2,Checkbox
FNDA:2,(anonymous_1)
FNDA:4,(anonymous_2)
DA:13,1
DA:17,2
DA:18,2
DA:19,2
DA:21,2
DA:22,2
DA:25,2
DA:26,4
DA:27,4
DA:28,4
DA:31,2
LF:11
LH:11
BRDA:14,0,0,2
BRDA:14,1,0,2
BRDA:19,2,0,2
BRDA:19,2,1,2
BRDA:22,3,0,2
BRDA:22,3,1,0
BRDA:27,4,0,0
BRDA:27,4,1,4
BRDA:28,5,0,0
BRDA:28,5,1,4
BRDA:33,6,0,2
BRDA:33,6,1,0
BRDA:47,7,0,2
BRDA:47,7,1,1
BRF:14
BRH:10
end_of_record
TN:
SF:packages/react/src/components/Checkbox/index.ts
FNF:0
FNH:0
LF:0
LH:0
BRF:0
BRH:0
end_of_record
TN:
SF:packages/react/src/components/CloseButton/CloseButton.tsx
FN:15,CloseButton
FNF:1
FNH:1
FNDA:2,CloseButton
DA:15,2
DA:26,2
LF:2
LH:2
BRDA:17,0,0,2
BRDA:19,1,0,2
BRDA:20,2,0,2
BRDA:21,3,0,2
BRDA:30,4,0,2
BRDA:30,4,1,1
BRF:6
BRH:6
end_of_record
TN:
SF:packages/react/src/components/CloseButton/index.ts
FNF:0
FNH:0
LF:0
LH:0
BRF:0
BRH:0
end_of_record
TN:
SF:packages/react/src/components/DashboardToggle/DashboardToggle.tsx
FN:20,DashboardToggle
FN:26,(anonymous_1)
FN:30,(anonymous_2)
FN:64,(anonymous_3)
FN:69,(anonymous_4)
FN:70,(anonymous_5)
FNF:6
FNH:6
FNDA:3,DashboardToggle
FNDA:2,(anonymous_1)
FNDA:1,(anonymous_2)
FNDA:6,(anonymous_3)
FNDA:1,(anonymous_4)
FNDA:1,(anonymous_5)
DA:19,1
DA:24,3
DA:25,3
DA:26,3
DA:27,2
DA:28,2
DA:30,3
DA:31,1
DA:32,0
DA:33,1
DA:34,1
DA:35,1
DA:37,1
DA:45,1
DA:50,1
DA:51,1
DA:52,1
DA:53,1
DA:54,1
DA:56,3
DA:65,6
DA:69,1
DA:70,1
LF:23
LH:22
BRDA:21,0,0,3
BRDA:24,1,0,3
BRDA:24,1,1,3
BRDA:24,1,2,0
BRDA:25,2,0,3
BRDA:25,2,1,3
BRDA:27,3,0,2
BRDA:27,3,1,0
BRDA:31,4,0,0
BRDA:31,4,1,1
BRDA:37,5,0,0
BRDA:37,5,1,1
BRDA:37,6,0,1
BRDA:37,6,1,0
BRDA:38,7,0,0
BRDA:38,7,1,0
BRDA:41,8,0,1
BRDA:41,8,1,0
BRDA:45,9,0,0
BRDA:45,9,1,1
BRDA:47,10,0,0
BRDA:47,10,1,1
BRDA:51,11,0,0
BRDA:51,11,1,1
BRDA:72,12,0,3
BRDA:72,12,1,3
BRDA:75,13,0,0
BRDA:75,13,1,6
BRF:28
BRH:16
end_of_record
TN:
SF:packages/react/src/components/DashboardToggle/index.ts
FNF:0
FNH:0
LF:0
LH:0
BRF:0
BRH:0
end_of_record
TN:
SF:packages/react/src/components/DatePicker/DatePicker.tsx
FN:24,formatValue
FN:37,DatePicker
FN:61,(anonymous_2)
FN:66,(anonymous_3)
FN:72,(anonymous_4)
FN:98,(anonymous_5)
FN:98,(anonymous_6)
FNF:7
FNH:6
FNDA:3,formatValue
FNDA:3,DatePicker
FNDA:0,(anonymous_2)
FNDA:1,(anonymous_3)
FNDA:3,(anonymous_4)
FNDA:1,(anonymous_5)
FNDA:1,(anonymous_6)
DA:25,3
DA:30,3
DA:31,3
DA:32,0
DA:33,3
DA:34,3
DA:37,1
DA:53,3
DA:54,3
DA:55,3
DA:56,3
DA:57,3
DA:58,3
DA:59,3
DA:60,3
DA:61,3
DA:62,0
DA:63,0
DA:64,0
DA:66,3
DA:67,1
DA:68,1
DA:69,1
DA:72,3
DA:73,3
DA:74,1
DA:75,1
DA:78,2
DA:79,1
DA:80,1
DA:84,3
DA:98,1
LF:32
LH:28
BRDA:30,0,0,0
BRDA:30,0,1,3
BRDA:31,1,0,0
BRDA:31,1,1,3
BRDA:31,2,0,3
BRDA:31,2,1,0
BRDA:33,3,0,0
BRDA:33,3,1,3
BRDA:41,4,0,3
BRDA:44,5,0,3
BRDA:46,6,0,3
BRDA:59,7,0,3
BRDA:59,7,1,3
BRDA:60,8,0,3
BRDA:60,8,1,3
BRDA:62,9,0,0
BRDA:62,9,1,0
BRDA:64,10,0,0
BRDA:64,10,1,0
BRDA:64,11,0,0
BRDA:64,11,1,0
BRDA:64,11,2,0
BRDA:67,12,0,1
BRDA:67,12,1,0
BRDA:73,13,0,1
BRDA:73,13,1,2
BRDA:78,14,0,1
BRDA:78,14,1,1
BRDA:102,15,0,3
BRDA:102,15,1,3
BRDA:105,16,0,1
BRDA:105,16,1,2
BRF:32
BRH:20
end_of_record
TN:
SF:packages/react/src/components/DatePicker/index.ts
FNF:0
FNH:0
LF:0
LH:0
BRF:0
BRH:0
end_of_record
TN:
SF:packages/react/src/components/Dialog/Dialog.tsx
FN:16,DialogHeader
FN:46,DialogFooter
FN:82,Dialog
FN:101,(anonymous_3)
FN:106,(anonymous_4)
FN:123,(anonymous_5)
FN:133,(anonymous_6)
FNF:7
FNH:6
FNDA:1,DialogHeader
FNDA:0,DialogFooter
FNDA:1,Dialog
FNDA:2,(anonymous_3)
FNDA:1,(anonymous_4)
FNDA:1,(anonymous_5)
FNDA:1,(anonymous_6)
DA:16,1
DA:20,1
DA:46,1
DA:50,0
DA:82,1
DA:99,1
DA:100,1
DA:101,1
DA:102,2
DA:103,2
DA:104,2
DA:106,1
DA:107,1
DA:108,1
DA:109,1
DA:110,1
DA:111,1
DA:112,0
DA:113,0
DA:114,0
DA:118,1
DA:124,1
DA:125,1
DA:133,1
LF:24
LH:20
BRDA:17,0,0,1
BRDA:17,1,0,1
BRDA:17,2,0,1
BRDA:35,3,0,0
BRDA:35,3,1,1
BRDA:47,4,0,0
BRDA:47,5,0,0
BRDA:47,6,0,0
BRDA:56,7,0,0
BRDA:56,7,1,0
BRDA:86,8,0,1
BRDA:92,9,0,1
BRDA:93,10,0,1
BRDA:103,11,0,0
BRDA:103,11,1,2
BRDA:104,12,0,0
BRDA:104,12,1,2
BRDA:108,13,0,0
BRDA:108,13,1,1
BRDA:109,14,0,1
BRDA:109,14,1,0
BRDA:109,15,0,1
BRDA:109,15,1,1
BRDA:110,16,0,0
BRDA:110,16,1,1
BRDA:112,17,0,0
BRDA:112,17,1,0
BRDA:112,18,0,0
BRDA:112,18,1,0
BRDA:113,19,0,0
BRDA:113,19,1,0
BRDA:125,20,0,1
BRDA:125,20,1,0
BRDA:129,21,0,1
BRDA:129,21,1,0
BRDA:141,22,0,0
BRDA:141,22,1,1
BRF:37
BRH:17
end_of_record
TN:
SF:packages/react/src/components/Dialog/index.ts
FNF:0
FNH:0
LF:0
LH:0
BRF:0
BRH:0
end_of_record
TN:
SF:packages/react/src/components/Divider/Divider.tsx
FN:15,Divider
FNF:1
FNH:1
FNDA:1,Divider
DA:23,1
LF:1
LH:1
BRDA:18,0,0,1
BRDA:19,1,0,1
BRDA:20,2,0,1
BRDA:32,3,0,1
BRDA:32,3,1,0
BRDA:37,4,0,0
BRDA:37,4,1,1
BRF:7
BRH:5
end_of_record
TN:
SF:packages/react/src/components/Divider/index.ts
FNF:0
FNH:0
LF:0
LH:0
BRF:0
BRH:0
end_of_record
TN:
SF:packages/react/src/components/FileUploader/FileUploader.tsx
FN:20,FileUploader
FN:39,(anonymous_1)
FN:44,(anonymous_2)
FN:47,(anonymous_3)
FN:52,(anonymous_4)
FN:67,(anonymous_5)
FN:79,(anonymous_6)
FN:80,(anonymous_7)
FN:84,(anonymous_8)
FN:87,(anonymous_9)
FNF:10
FNH:4
FNDA:2,FileUploader
FNDA:4,(anonymous_1)
FNDA:1,(anonymous_2)
FNDA:2,(anonymous_3)
FNDA:0,(anonymous_4)
FNDA:0,(anonymous_5)
FNDA:0,(anonymous_6)
FNDA:0,(anonymous_7)
FNDA:0,(anonymous_8)
FNDA:0,(anonymous_9)
DA:20,2
DA:36,2
DA:37,2
DA:38,2
DA:39,2
DA:40,4
DA:41,4
DA:42,4
DA:44,2
DA:45,1
DA:47,2
DA:48,2
DA:49,2
DA:50,2
DA:52,2
DA:53,0
DA:54,0
DA:55,0
DA:58,2
DA:67,0
DA:79,0
DA:81,0
DA:82,0
DA:85,0
DA:87,0
LF:25
LH:16
BRDA:24,0,0,2
BRDA:25,1,0,2
BRDA:26,2,0,2
BRDA:27,3,0,2
BRDA:29,4,0,2
BRDA:30,5,0,2
BRDA:31,6,0,2
BRDA:41,7,0,0
BRDA:41,7,1,4
BRDA:42,8,0,0
BRDA:42,8,1,4
BRDA:45,9,0,1
BRDA:45,9,1,0
BRDA:50,10,0,1
BRDA:50,10,1,1
BRDA:50,11,0,2
BRDA:50,11,1,1
BRDA:53,12,0,0
BRDA:53,12,1,0
BRDA:53,13,0,0
BRDA:53,13,1,0
BRDA:53,13,2,0
BRDA:53,13,3,0
BRDA:64,14,0,2
BRDA:64,14,1,1
BRDA:73,15,0,2
BRDA:73,15,1,1
BRDA:77,16,0,2
BRDA:77,16,1,0
BRDA:79,17,0,0
BRDA:79,17,1,0
BRDA:79,17,2,0
BRDA:82,18,0,0
BRDA:82,18,1,0
BRDA:82,19,0,0
BRDA:82,19,1,0
BRDA:85,20,0,0
BRDA:85,20,1,0
BRDA:91,21,0,1
BRDA:91,21,1,1
BRDA:91,22,0,2
BRDA:91,22,1,1
BRDA:98,23,0,0
BRDA:98,23,1,2
BRDA:101,24,0,0
BRDA:101,24,1,2
BRF:46
BRH:25
end_of_record
TN:
SF:packages/react/src/components/FileUploader/index.ts
FNF:0
FNH:0
LF:0
LH:0
BRF:0
BRH:0
end_of_record
TN:
SF:packages/react/src/components/IconButton/IconButton.tsx
FN:19,IconButton
FNF:1
FNH:1
FNDA:2,IconButton
DA:19,1
DA:33,2
LF:2
LH:2
BRDA:23,0,0,2
BRDA:25,1,0,2
BRDA:27,2,0,2
BRDA:28,3,0,2
BRDA:36,4,0,2
BRDA:36,4,1,2
BRDA:39,5,0,2
BRDA:39,5,1,2
BRDA:40,6,0,2
BRDA:40,6,1,2
BRDA:45,7,0,0
BRDA:45,7,1,2
BRDA:47,8,0,0
BRDA:47,8,1,2
BRF:14
BRH:12
end_of_record
TN:
SF:packages/react/src/components/IconButton/index.ts
FNF:0
FNH:0
LF:0
LH:0
BRF:0
BRH:0
end_of_record
TN:
SF:packages/react/src/components/Input/Input.tsx
FN:6,(anonymous_0)
FN:16,Input
FNF:2
FNH:1
FNDA:0,(anonymous_0)
FNDA:4,Input
DA:6,1
DA:10,0
DA:11,0
DA:16,1
DA:39,4
DA:40,4
DA:41,4
DA:42,4
DA:43,4
DA:44,4
DA:46,4
LF:11
LH:9
BRDA:10,0,0,0
BRDA:10,0,1,0
BRDA:11,1,0,0
BRDA:11,1,1,0
BRDA:11,2,0,0
BRDA:11,2,1,0
BRDA:22,3,0,4
BRDA:24,4,0,4
BRDA:27,5,0,4
BRDA:33,6,0,4
BRDA:40,7,0,4
BRDA:40,7,1,4
BRDA:41,8,0,2
BRDA:41,8,1,2
BRDA:42,9,0,1
BRDA:42,9,1,3
BRDA:43,10,0,4
BRDA:43,10,1,1
BRDA:44,11,0,4
BRDA:44,11,1,3
BRDA:44,11,2,3
BRDA:50,12,0,4
BRDA:50,12,1,0
BRDA:51,13,0,4
BRDA:51,13,1,1
BRDA:52,14,0,4
BRDA:52,14,1,1
BRDA:60,15,0,0
BRDA:60,15,1,4
BRDA:60,16,0,4
BRDA:60,16,1,0
BRDA:70,17,0,0
BRDA:70,17,1,4
BRDA:78,18,0,4
BRDA:78,18,1,3
BRDA:88,19,0,0
BRDA:88,19,1,4
BRDA:94,20,0,0
BRDA:94,20,1,4
BRDA:97,21,0,2
BRDA:97,21,1,2
BRDA:102,22,0,1
BRDA:102,22,1,3
BRF:43
BRH:31
end_of_record
TN:
SF:packages/react/src/components/Pagination/Pagination.tsx
FN:20,range
FN:21,(anonymous_1)
FN:24,getPages
FN:41,Pagination
FN:49,(anonymous_4)
FN:66,(anonymous_5)
FN:71,(anonymous_6)
FN:78,(anonymous_7)
FN:93,(anonymous_8)
FNF:9
FNH:8
FNDA:3,range
FNDA:5,(anonymous_1)
FNDA:3,getPages
FNDA:3,Pagination
FNDA:6,(anonymous_4)
FNDA:1,(anonymous_5)
FNDA:11,(anonymous_6)
FNDA:0,(anonymous_7)
FNDA:1,(anonymous_8)
DA:21,5
DA:29,3
DA:30,2
DA:31,2
DA:32,2
DA:41,2
DA:49,6
DA:58,3
DA:59,3
DA:60,3
DA:66,1
DA:72,11
DA:78,0
DA:93,1
LF:14
LH:13
BRDA:29,0,0,1
BRDA:29,0,1,2
BRDA:34,1,0,1
BRDA:34,1,1,1
BRDA:36,2,0,1
BRDA:36,2,1,1
BRDA:45,3,0,3
BRDA:46,4,0,3
BRDA:47,5,0,3
BRDA:49,6,0,6
BRDA:50,7,0,3
BRDA:51,8,0,3
BRDA:52,9,0,3
BRDA:72,10,0,9
BRDA:72,10,1,2
BRDA:74,11,0,3
BRDA:74,11,1,6
BRF:17
BRH:17
end_of_record
TN:
SF:packages/react/src/components/Pagination/index.ts
FNF:0
FNH:0
LF:0
LH:0
BRF:0
BRH:0
end_of_record
TN:
SF:packages/react/src/components/Progress/Progress.tsx
FN:13,Progress
FNF:1
FNH:1
FNDA:2,Progress
DA:21,2
DA:22,2
DA:23,2
DA:24,2
LF:4
LH:4
BRDA:16,0,0,2
BRDA:17,1,0,2
BRDA:21,2,0,2
BRDA:21,2,1,0
BRF:4
BRH:3
end_of_record
TN:
SF:packages/react/src/components/Progress/index.ts
FNF:0
FNH:0
LF:0
LH:0
BRF:0
BRH:0
end_of_record
TN:
SF:packages/react/src/components/Radio/Radio.tsx
FN:10,Radio
FNF:1
FNH:1
FNDA:2,Radio
DA:10,1
DA:14,2
DA:15,2
DA:16,2
LF:4
LH:4
BRDA:11,0,0,2
BRDA:15,1,0,2
BRDA:15,1,1,2
BRDA:18,2,0,2
BRDA:18,2,1,0
BRF:5
BRH:4
end_of_record
TN:
SF:packages/react/src/components/Radio/index.ts
FNF:0
FNH:0
LF:0
LH:0
BRF:0
BRH:0
end_of_record
TN:
SF:packages/react/src/components/RoleBadge/RoleBadge.tsx
FN:40,RoleBadge
FN:62,RoleBadgeCell
FNF:2
FNH:2
FNDA:3,RoleBadge
FNDA:1,RoleBadgeCell
DA:16,1
DA:22,1
DA:28,1
DA:40,1
DA:44,3
DA:62,1
DA:66,1
LF:7
LH:7
BRDA:41,0,0,3
BRDA:52,1,0,1
BRDA:52,1,1,2
BRDA:63,2,0,1
BRDA:69,3,0,1
BRDA:69,3,1,0
BRF:6
BRH:5
end_of_record
TN:
SF:packages/react/src/components/RoleBadge/index.ts
FNF:0
FNH:0
LF:0
LH:0
BRF:0
BRH:0
end_of_record
TN:
SF:packages/react/src/components/SearchField/SearchField.tsx
FN:11,SearchField
FNF:1
FNH:1
FNDA:3,SearchField
DA:11,2
DA:15,3
LF:2
LH:2
BRDA:12,0,0,3
BRDA:19,1,0,3
BRDA:19,1,1,1
BRF:3
BRH:3
end_of_record
TN:
SF:packages/react/src/components/SearchField/index.ts
FNF:0
FNH:0
LF:0
LH:0
BRF:0
BRH:0
end_of_record
TN:
SF:packages/react/src/components/Select/Select.tsx
FN:8,Select
FNF:1
FNH:1
FNDA:4,Select
DA:8,1
DA:26,4
DA:27,4
DA:28,4
DA:29,4
DA:30,4
DA:31,4
DA:33,4
DA:39,4
LF:9
LH:9
BRDA:15,0,0,4
BRDA:21,1,0,4
BRDA:27,2,0,4
BRDA:27,2,1,4
BRDA:28,3,0,2
BRDA:28,3,1,2
BRDA:29,4,0,1
BRDA:29,4,1,3
BRDA:30,5,0,4
BRDA:30,5,1,2
BRDA:31,6,0,4
BRDA:31,6,1,3
BRDA:31,6,2,3
BRDA:33,7,0,4
BRDA:33,7,1,0
BRDA:35,8,0,0
BRDA:35,8,1,0
BRDA:45,9,0,4
BRDA:45,9,1,1
BRDA:46,10,0,4
BRDA:46,10,1,1
BRDA:54,11,0,0
BRDA:54,11,1,4
BRDA:59,12,0,4
BRDA:59,12,1,0
BRDA:67,13,0,4
BRDA:67,13,1,3
BRDA:78,14,0,2
BRDA:78,14,1,2
BRDA:83,15,0,1
BRDA:83,15,1,3
BRF:31
BRH:26
end_of_record
TN:
SF:packages/react/src/components/Sidebar/Sidebar.tsx
FN:28,SidebarItem
FN:94,Sidebar
FN:131,(anonymous_2)
FNF:3
FNH:3
FNDA:2,SidebarItem
FNDA:2,Sidebar
FNDA:1,(anonymous_2)
DA:27,2
DA:33,2
DA:50,2
DA:56,2
DA:57,2
DA:68,0
DA:94,2
DA:110,2
DA:131,1
LF:9
LH:8
BRDA:29,0,0,2
BRDA:29,1,0,2
BRDA:35,2,0,0
BRDA:35,2,1,2
BRDA:40,3,0,2
BRDA:40,3,1,0
BRDA:42,4,0,0
BRDA:42,4,1,2
BRDA:42,5,0,2
BRDA:42,5,1,2
BRDA:42,5,2,2
BRDA:52,6,0,2
BRDA:52,6,1,0
BRDA:53,7,0,2
BRDA:53,7,1,1
BRDA:56,8,0,2
BRDA:56,8,1,0
BRDA:56,9,0,2
BRDA:56,9,1,2
BRDA:60,10,0,1
BRDA:60,10,1,1
BRDA:61,11,0,0
BRDA:61,11,1,2
BRDA:71,12,0,0
BRDA:71,12,1,0
BRDA:72,13,0,0
BRDA:72,13,1,0
BRDA:75,14,0,2
BRDA:75,14,1,0
BRDA:98,15,0,2
BRDA:99,16,0,2
BRDA:100,17,0,2
BRDA:103,18,0,2
BRDA:105,19,0,2
BRDA:115,20,0,2
BRDA:115,20,1,0
BRDA:116,21,0,2
BRDA:116,21,1,0
BRDA:121,22,0,0
BRDA:121,22,1,2
BRDA:127,23,0,1
BRDA:127,23,1,1
BRDA:129,24,0,0
BRDA:129,24,1,1
BRDA:134,25,0,0
BRDA:134,25,1,1
BRDA:135,26,0,1
BRDA:135,26,1,0
BRF:48
BRH:31
end_of_record
TN:
SF:packages/react/src/components/Sidebar/index.ts
FNF:0
FNH:0
LF:0
LH:0
BRF:0
BRH:0
end_of_record
TN:
SF:packages/react/src/components/StatusBadge/StatusBadge.tsx
FN:19,StatusBadge
FNF:1
FNH:1
FNDA:1,StatusBadge
DA:11,1
DA:19,1
DA:23,1
LF:3
LH:3
BRDA:29,0,0,1
BRDA:29,0,1,1
BRF:2
BRH:2
end_of_record
TN:
SF:packages/react/src/components/StatusBadge/index.ts
FNF:0
FNH:0
LF:0
LH:0
BRF:0
BRH:0
end_of_record
TN:
SF:packages/react/src/components/Switch/Switch.tsx
FN:16,Switch
FN:23,(anonymous_1)
FN:26,(anonymous_2)
FNF:3
FNH:3
FNDA:2,Switch
FNDA:2,(anonymous_1)
FNDA:4,(anonymous_2)
DA:16,1
DA:20,2
DA:21,2
DA:22,2
DA:23,2
DA:24,2
DA:26,2
DA:27,4
DA:28,4
DA:29,4
DA:31,2
LF:11
LH:11
BRDA:17,0,0,2
BRDA:17,1,0,2
BRDA:17,2,0,2
BRDA:22,3,0,2
BRDA:22,3,1,2
BRDA:24,4,0,2
BRDA:24,4,1,0
BRDA:28,5,0,0
BRDA:28,5,1,4
BRDA:29,6,0,0
BRDA:29,6,1,4
BRDA:36,7,0,2
BRDA:36,7,1,0
BRDA:53,8,0,2
BRDA:53,8,1,2
BRF:15
BRH:11
end_of_record
TN:
SF:packages/react/src/components/Switch/index.ts
FNF:0
FNH:0
LF:0
LH:0
BRF:0
BRH:0
end_of_record
TN:
SF:packages/react/src/components/Tabs/Tabs.tsx
FN:22,Tabs
FN:37,(anonymous_1)
FN:40,(anonymous_2)
FN:44,(anonymous_3)
FN:50,(anonymous_4)
FN:50,(anonymous_5)
FN:51,(anonymous_6)
FN:77,(anonymous_7)
FN:85,(anonymous_8)
FN:86,(anonymous_9)
FN:95,(anonymous_10)
FNF:11
FNH:10
FNDA:5,Tabs
FNDA:5,(anonymous_1)
FNDA:2,(anonymous_2)
FNDA:2,(anonymous_3)
FNDA:4,(anonymous_4)
FNDA:4,(anonymous_5)
FNDA:2,(anonymous_6)
FNDA:10,(anonymous_7)
FNDA:0,(anonymous_8)
FNDA:2,(anonymous_9)
FNDA:10,(anonymous_10)
DA:22,1
DA:36,5
DA:37,5
DA:38,5
DA:39,5
DA:40,5
DA:41,2
DA:42,2
DA:44,5
DA:45,2
DA:46,2
DA:47,2
DA:48,2
DA:49,2
DA:50,4
DA:51,2
DA:53,2
DA:58,2
DA:59,2
DA:60,2
DA:64,5
DA:78,10
DA:85,0
DA:86,2
DA:96,10
LF:25
LH:24
BRDA:27,0,0,5
BRDA:28,1,0,5
BRDA:30,2,0,5
BRDA:37,3,0,5
BRDA:37,3,1,0
BRDA:38,4,0,5
BRDA:38,4,1,5
BRDA:39,5,0,5
BRDA:39,5,1,5
BRDA:41,6,0,2
BRDA:41,6,1,0
BRDA:46,7,0,2
BRDA:46,7,1,0
BRDA:46,8,0,1
BRDA:46,8,1,1
BRDA:47,9,0,2
BRDA:47,9,1,0
BRDA:47,10,0,1
BRDA:47,10,1,1
BRDA:48,11,0,0
BRDA:48,11,1,2
BRDA:53,12,0,0
BRDA:53,12,1,2
BRDA:55,13,0,0
BRDA:55,13,1,2
BRDA:57,14,0,2
BRDA:57,14,1,0
BRDA:58,15,0,2
BRDA:58,15,1,0
BRDA:71,16,0,5
BRDA:71,16,1,0
BRDA:88,17,0,5
BRDA:88,17,1,5
BRF:33
BRH:23
end_of_record
TN:
SF:packages/react/src/components/Tabs/index.ts
FNF:0
FNH:0
LF:0
LH:0
BRF:0
BRH:0
end_of_record
TN:
SF:packages/react/src/components/Textarea/Textarea.tsx
FN:16,(anonymous_0)
FN:21,Textarea
FNF:2
FNH:2
FNDA:1,(anonymous_0)
FNDA:3,Textarea
DA:16,2
DA:17,1
DA:18,1
DA:21,2
DA:39,3
DA:40,3
DA:41,3
DA:42,3
DA:43,3
DA:44,3
DA:46,3
LF:11
LH:11
BRDA:17,0,0,1
BRDA:17,0,1,1
BRDA:18,1,0,1
BRDA:18,1,1,0
BRDA:18,2,0,1
BRDA:18,2,1,0
BRDA:26,3,0,3
BRDA:28,4,0,3
BRDA:40,5,0,3
BRDA:40,5,1,3
BRDA:41,6,0,2
BRDA:41,6,1,1
BRDA:42,7,0,1
BRDA:42,7,1,2
BRDA:43,8,0,3
BRDA:43,8,1,0
BRDA:44,9,0,3
BRDA:44,9,1,2
BRDA:44,9,2,2
BRDA:51,10,0,3
BRDA:51,10,1,0
BRDA:52,11,0,3
BRDA:52,11,1,1
BRDA:60,12,0,1
BRDA:60,12,1,2
BRDA:60,13,0,3
BRDA:60,13,1,1
BRDA:70,14,0,3
BRDA:70,14,1,2
BRDA:79,15,0,2
BRDA:79,15,1,1
BRDA:84,16,0,1
BRDA:84,16,1,2
BRF:33
BRH:29
end_of_record
TN:
SF:packages/react/src/components/Textarea/index.ts
FNF:0
FNH:0
LF:0
LH:0
BRF:0
BRH:0
end_of_record
TN:
SF:packages/react/src/components/TimePicker/TimePicker.tsx
FN:22,(anonymous_0)
FN:26,(anonymous_1)
FN:29,TimePicker
FN:53,(anonymous_3)
FN:57,(anonymous_4)
FN:61,(anonymous_5)
FN:66,(anonymous_6)
FN:70,(anonymous_7)
FN:75,(anonymous_8)
FN:85,(anonymous_9)
FN:95,(anonymous_10)
FN:121,(anonymous_11)
FN:139,(anonymous_12)
FN:146,(anonymous_13)
FN:147,(anonymous_14)
FNF:15
FNH:14
FNDA:2,(anonymous_0)
FNDA:3,(anonymous_1)
FNDA:4,TimePicker
FNDA:1,(anonymous_3)
FNDA:3,(anonymous_4)
FNDA:1,(anonymous_5)
FNDA:1,(anonymous_6)
FNDA:1,(anonymous_7)
FNDA:4,(anonymous_8)
FNDA:0,(anonymous_9)
FNDA:1,(anonymous_10)
FNDA:1,(anonymous_11)
FNDA:6,(anonymous_12)
FNDA:1,(anonymous_13)
FNDA:1,(anonymous_14)
DA:22,1
DA:23,2
DA:24,2
DA:26,1
DA:27,3
DA:29,1
DA:45,4
DA:46,4
DA:47,4
DA:48,4
DA:49,4
DA:50,4
DA:51,4
DA:52,4
DA:53,4
DA:54,1
DA:55,1
DA:56,1
DA:57,1
DA:58,3
DA:61,4
DA:62,1
DA:63,1
DA:64,1
DA:66,4
DA:67,1
DA:68,1
DA:70,4
DA:71,1
DA:72,1
DA:73,1
DA:75,4
DA:76,4
DA:77,2
DA:78,2
DA:80,2
DA:81,1
DA:82,1
DA:85,4
DA:86,0
DA:87,0
DA:88,0
DA:90,0
DA:91,0
DA:92,0
DA:95,4
DA:97,1
DA:98,1
DA:99,1
DA:100,1
DA:101,1
DA:102,1
DA:103,1
DA:104,1
DA:106,0
DA:107,0
DA:108,0
DA:110,0
DA:112,4
DA:121,1
DA:140,6
DA:146,1
DA:147,1
LF:63
LH:53
BRDA:23,0,0,2
BRDA:23,1,0,2
BRDA:33,2,0,4
BRDA:34,3,0,4
BRDA:37,4,0,4
BRDA:38,5,0,4
BRDA:39,6,0,4
BRDA:52,7,0,4
BRDA:52,7,1,4
BRDA:62,8,0,0
BRDA:62,8,1,1
BRDA:66,9,0,1
BRDA:71,10,0,1
BRDA:71,10,1,0
BRDA:76,11,0,2
BRDA:76,11,1,2
BRDA:80,12,0,1
BRDA:80,12,1,1
BRDA:86,13,0,0
BRDA:86,13,1,0
BRDA:86,14,0,0
BRDA:86,14,1,0
BRDA:90,15,0,0
BRDA:90,15,1,0
BRDA:90,16,0,0
BRDA:90,16,1,0
BRDA:97,17,0,1
BRDA:97,17,1,0
BRDA:98,18,0,0
BRDA:98,18,1,1
BRDA:99,19,0,0
BRDA:99,19,1,1
BRDA:100,20,0,0
BRDA:100,20,1,1
BRDA:101,21,0,1
BRDA:101,21,1,0
BRDA:106,22,0,0
BRDA:106,22,1,0
BRDA:110,23,0,0
BRDA:110,23,1,0
BRDA:118,24,0,4
BRDA:118,24,1,3
BRDA:121,25,0,0
BRDA:121,25,1,1
BRDA:126,26,0,4
BRDA:126,26,1,3
BRDA:127,27,0,4
BRDA:127,27,1,3
BRDA:129,28,0,2
BRDA:129,28,1,2
BRDA:131,29,0,2
BRDA:131,29,1,2
BRDA:149,30,0,2
BRDA:149,30,1,4
BRF:54
BRH:34
end_of_record
TN:
SF:packages/react/src/components/TimePicker/index.ts
FNF:0
FNH:0
LF:0
LH:0
BRF:0
BRH:0
end_of_record
TN:
SF:packages/react/src/components/Toast/Toast.tsx
FN:18,Toast
FN:73,Snackbar
FN:87,ToastViewport
FNF:3
FNH:3
FNDA:3,Toast
FNDA:1,Snackbar
FNDA:1,ToastViewport
DA:18,2
DA:33,3
DA:73,2
DA:77,1
DA:87,2
DA:91,1
LF:6
LH:6
BRDA:23,0,0,3
BRDA:24,1,0,3
BRDA:37,2,0,3
BRDA:37,2,1,1
BRDA:39,3,0,1
BRDA:39,3,1,2
BRDA:41,4,0,0
BRDA:41,4,1,3
BRDA:48,5,0,0
BRDA:48,5,1,3
BRDA:50,6,0,1
BRDA:50,6,1,2
BRDA:55,7,0,1
BRDA:55,7,1,2
BRDA:88,8,0,1
BRDA:88,9,0,1
BRDA:97,10,0,0
BRDA:97,10,1,1
BRF:18
BRH:15
end_of_record
TN:
SF:packages/react/src/components/Toast/index.ts
FNF:0
FNH:0
LF:0
LH:0
BRF:0
BRH:0
end_of_record
TN:
SF:packages/react/src/components/Tooltip/Tooltip.tsx
FN:18,Tooltip
FN:32,(anonymous_1)
FN:36,(anonymous_2)
FN:40,(anonymous_3)
FN:44,(anonymous_4)
FN:48,(anonymous_5)
FNF:6
FNH:3
FNDA:3,Tooltip
FNDA:0,(anonymous_1)
FNDA:0,(anonymous_2)
FNDA:1,(anonymous_3)
FNDA:0,(anonymous_4)
FNDA:1,(anonymous_5)
DA:18,1
DA:22,3
DA:23,3
DA:24,3
DA:27,3
DA:33,0
DA:34,0
DA:37,0
DA:38,0
DA:41,1
DA:42,1
DA:45,0
DA:46,0
DA:49,1
DA:50,1
DA:54,3
LF:16
LH:10
BRDA:19,0,0,3
BRDA:27,1,0,3
BRDA:27,1,1,0
BRDA:29,2,0,1
BRDA:29,2,1,2
BRDA:50,3,0,1
BRDA:50,3,1,0
BRDA:61,4,0,1
BRDA:61,4,1,2
BRF:9
BRH:7
end_of_record
TN:
SF:packages/react/src/components/Tooltip/index.ts
FNF:0
FNH:0
LF:0
LH:0
BRF:0
BRH:0
end_of_record
TN:
SF:packages/react/src/components/TopNavigation/TopNavigation.tsx
FN:13,TopNavigation
FNF:1
FNH:1
FNDA:1,TopNavigation
DA:13,1
DA:17,1
LF:2
LH:2
BRDA:14,0,0,1
BRDA:20,1,0,1
BRDA:20,1,1,0
BRF:3
BRH:2
end_of_record
TN:
SF:packages/react/src/components/TopNavigation/index.ts
FNF:0
FNH:0
LF:0
LH:0
BRF:0
BRH:0
end_of_record
TN:
SF:packages/react/src/components/internal/Icons.tsx
FN:5,ChevronIcon
FN:24,CloseIcon
FN:32,CalendarIcon
FN:46,UploadIcon
FN:60,MoreIcon
FNF:5
FNH:5
FNDA:28,ChevronIcon
FNDA:2,CloseIcon
FNDA:3,CalendarIcon
FNDA:2,UploadIcon
FNDA:2,MoreIcon
DA:9,28
DA:10,28
DA:25,2
DA:33,3
DA:47,2
DA:61,2
LF:6
LH:6
BRDA:6,0,0,28
BRF:1
BRH:1
end_of_record
TN:
SF:packages/tokens/src/elevation.ts
FNF:0
FNH:0
DA:3,1
LF:1
LH:1
BRF:0
BRH:0
end_of_record
TN:
SF:packages/tokens/src/grids.ts
FNF:0
FNH:0
DA:3,1
LF:1
LH:1
BRF:0
BRH:0
end_of_record
TN:
SF:packages/tokens/src/primitives.ts
FNF:0
FNH:0
DA:1,1
DA:34,1
DA:46,1
LF:3
LH:3
BRF:0
BRH:0
end_of_record
TN:
SF:packages/tokens/src/semantic.ts
FNF:0
FNH:0
DA:7,1
LF:1
LH:1
BRF:0
BRH:0
end_of_record
TN:
SF:packages/tokens/src/typography.ts
FNF:0
FNH:0
DA:3,1
LF:1
LH:1
BRF:0
BRH:0
end_of_record
